{"name": "Открытие и поиск по запросу.", "status": "failed", "statusDetails": {"message": "AssertionError: assert 'Onliner' in ''\n +  where '' = <selenium.webdriver.chrome.webdriver.WebDriver (session=\"2d9099ae3944f501a761dc8c960db0ef\")>.page_source", "trace": "self = <tests.test_functionality.TestMainFunctionality object at 0x104c202f0>\ndriver = <selenium.webdriver.chrome.webdriver.WebDriver (session=\"2d9099ae3944f501a761dc8c960db0ef\")>\n\n    @allure.title(\"Открытие и поиск по запросу.\")\n    def test_search_request(self, driver):\n        driver.get(SEARCH_URL)\n        page = BasePage(driver)\n    \n        page.click_element_search_url()\n        page.enter_search_input(\"Onliner\")\n        page.click_search_button()\n    \n>       assert \"Onliner\" in driver.page_source\nE       assert 'Onliner' in ''\nE        +  where '' = <selenium.webdriver.chrome.webdriver.WebDriver (session=\"2d9099ae3944f501a761dc8c960db0ef\")>.page_source\n\ntests/test_functionality.py:19: AssertionError"}, "start": 1733748428183, "stop": 1733748431165, "uuid": "ebdfd620-5531-4619-a040-5a60a4858df5", "historyId": "0dbec654009f7c4d192cf2e28aa29690", "testCaseId": "0dbec654009f7c4d192cf2e28aa29690", "fullName": "tests.test_functionality.TestMainFunctionality#test_search_request", "labels": [{"name": "tag", "value": "@pytest.mark.usefixtures('driver')"}, {"name": "parentSuite", "value": "tests"}, {"name": "suite", "value": "test_functionality"}, {"name": "subSuite", "value": "TestMainFunctionality"}, {"name": "host", "value": "falcon.local"}, {"name": "thread", "value": "46262-MainThread"}, {"name": "framework", "value": "pytest"}, {"name": "language", "value": "cpython3"}, {"name": "package", "value": "tests.test_functionality"}]}