{"name": "Успешная авторизация", "status": "broken", "statusDetails": {"message": "selenium.common.exceptions.InvalidSelectorException: Message: invalid selector\nfrom javascript error: {\"status\":32,\"value\":\"An invalid or illegal selector was specified\"}\n  (Session info: chrome=131.0.6778.109); For documentation on this error, please visit: https://www.selenium.dev/documentation/webdriver/troubleshooting/errors#invalid-selector-exception\nStacktrace:\n0   chromedriver                        0x0000000100e4bb08 cxxbridge1$str$ptr + 3651580\n1   chromedriver                        0x0000000100e44358 cxxbridge1$str$ptr + 3620940\n2   chromedriver                        0x00000001008ac4b4 cxxbridge1$string$len + 89224\n3   chromedriver                        0x00000001008b1398 cxxbridge1$string$len + 109420\n4   chromedriver                        0x00000001008b33e8 cxxbridge1$string$len + 117692\n5   chromedriver                        0x00000001008b3490 cxxbridge1$string$len + 117860\n6   chromedriver                        0x00000001008f05dc cxxbridge1$string$len + 368048\n7   chromedriver                        0x000000010092a0fc cxxbridge1$string$len + 604368\n8   chromedriver                        0x00000001008e50b0 cxxbridge1$string$len + 321668\n9   chromedriver                        0x00000001008e5d00 cxxbridge1$string$len + 324820\n10  chromedriver                        0x0000000100e16e4c cxxbridge1$str$ptr + 3435328\n11  chromedriver                        0x0000000100e1a164 cxxbridge1$str$ptr + 3448408\n12  chromedriver                        0x0000000100dfe1c0 cxxbridge1$str$ptr + 3333812\n13  chromedriver                        0x0000000100e1aa24 cxxbridge1$str$ptr + 3450648\n14  chromedriver                        0x0000000100def9cc cxxbridge1$str$ptr + 3274432\n15  chromedriver                        0x0000000100e35138 cxxbridge1$str$ptr + 3558956\n16  chromedriver                        0x0000000100e352b4 cxxbridge1$str$ptr + 3559336\n17  chromedriver                        0x0000000100e43fcc cxxbridge1$str$ptr + 3620032\n18  libsystem_pthread.dylib             0x0000000194feb2e4 _pthread_start + 136\n19  libsystem_pthread.dylib             0x0000000194fe60fc thread_start + 8", "trace": "self = <tests.test_functionality.TestMainFunctionality object at 0x104c5de20>\ndriver = <selenium.webdriver.chrome.webdriver.WebDriver (session=\"c5b0766d833ef4d6a0e43b51dfe79f47\")>\n\n    @allure.title(\"Успешная авторизация\")\n    def test_login(self, driver):\n        driver.get(SEARCH_URL)\n        page = BasePage(driver)\n    \n        page.click_element_search_url()\n        page.enter_search_input(\"Onliner\")\n        page.click_search_button()\n        page.click_search_field()\n        page.click_login_button()\n        page.enter_email_input(\"cokol2122@mail.ru\")\n        page.enter_password_input(\"test_password\")\n        page.click_submit_button()\n    \n>       assert driver.find_element(*Locators.CHAT_BUTTON).is_displayed()\n\ntests/test_functionality.py:47: \n_ _ _ _ _ _ _ _ _ _ _ _ _ _ _ _ _ _ _ _ _ _ _ _ _ _ _ _ _ _ _ _ _ _ _ _ _ _ _ _ _ _ _ _ _ _ _ _ _ _ _ _ _ _ _ _ _ _ _ _ _ _ _ _ _ _ _ _ _ _ _ _ _ _ _ _ _ _ _ _ _ _ _ _ _ _ _ _ \n.venv/lib/python3.12/site-packages/selenium/webdriver/remote/webdriver.py:770: in find_element\n    return self.execute(Command.FIND_ELEMENT, {\"using\": by, \"value\": value})[\"value\"]\n.venv/lib/python3.12/site-packages/selenium/webdriver/remote/webdriver.py:384: in execute\n    self.error_handler.check_response(response)\n_ _ _ _ _ _ _ _ _ _ _ _ _ _ _ _ _ _ _ _ _ _ _ _ _ _ _ _ _ _ _ _ _ _ _ _ _ _ _ _ _ _ _ _ _ _ _ _ _ _ _ _ _ _ _ _ _ _ _ _ _ _ _ _ _ _ _ _ _ _ _ _ _ _ _ _ _ _ _ _ _ _ _ _ _ _ _ _ \n\nself = <selenium.webdriver.remote.errorhandler.ErrorHandler object at 0x104c9be30>\nresponse = {'status': 400, 'value': '{\"value\":{\"error\":\"invalid selector\",\"message\":\"invalid selector\\\\nfrom javascript error: {\\...000194feb2e4 _pthread_start + 136\\\\n19  libsystem_pthread.dylib             0x0000000194fe60fc thread_start + 8\\\\n\"}}'}\n\n    def check_response(self, response: Dict[str, Any]) -> None:\n        \"\"\"Checks that a JSON response from the WebDriver does not have an\n        error.\n    \n        :Args:\n         - response - The JSON response from the WebDriver server as a dictionary\n           object.\n    \n        :Raises: If the response contains an error message.\n        \"\"\"\n        status = response.get(\"status\", None)\n        if not status or status == ErrorCode.SUCCESS:\n            return\n        value = None\n        message = response.get(\"message\", \"\")\n        screen: str = response.get(\"screen\", \"\")\n        stacktrace = None\n        if isinstance(status, int):\n            value_json = response.get(\"value\", None)\n            if value_json and isinstance(value_json, str):\n                import json\n    \n                try:\n                    value = json.loads(value_json)\n                    if len(value) == 1:\n                        value = value[\"value\"]\n                    status = value.get(\"error\", None)\n                    if not status:\n                        status = value.get(\"status\", ErrorCode.UNKNOWN_ERROR)\n                        message = value.get(\"value\") or value.get(\"message\")\n                        if not isinstance(message, str):\n                            value = message\n                            message = message.get(\"message\")\n                    else:\n                        message = value.get(\"message\", None)\n                except ValueError:\n                    pass\n    \n        exception_class: Type[WebDriverException]\n        e = ErrorCode()\n        error_codes = [item for item in dir(e) if not item.startswith(\"__\")]\n        for error_code in error_codes:\n            error_info = getattr(ErrorCode, error_code)\n            if isinstance(error_info, list) and status in error_info:\n                exception_class = getattr(ExceptionMapping, error_code, WebDriverException)\n                break\n        else:\n            exception_class = WebDriverException\n    \n        if not value:\n            value = response[\"value\"]\n        if isinstance(value, str):\n            raise exception_class(value)\n        if message == \"\" and \"message\" in value:\n            message = value[\"message\"]\n    \n        screen = None  # type: ignore[assignment]\n        if \"screen\" in value:\n            screen = value[\"screen\"]\n    \n        stacktrace = None\n        st_value = value.get(\"stackTrace\") or value.get(\"stacktrace\")\n        if st_value:\n            if isinstance(st_value, str):\n                stacktrace = st_value.split(\"\\n\")\n            else:\n                stacktrace = []\n                try:\n                    for frame in st_value:\n                        line = frame.get(\"lineNumber\", \"\")\n                        file = frame.get(\"fileName\", \"<anonymous>\")\n                        if line:\n                            file = f\"{file}:{line}\"\n                        meth = frame.get(\"methodName\", \"<anonymous>\")\n                        if \"className\" in frame:\n                            meth = f\"{frame['className']}.{meth}\"\n                        msg = \"    at %s (%s)\"\n                        msg = msg % (meth, file)\n                        stacktrace.append(msg)\n                except TypeError:\n                    pass\n        if exception_class == UnexpectedAlertPresentException:\n            alert_text = None\n            if \"data\" in value:\n                alert_text = value[\"data\"].get(\"text\")\n            elif \"alert\" in value:\n                alert_text = value[\"alert\"].get(\"text\")\n            raise exception_class(message, screen, stacktrace, alert_text)  # type: ignore[call-arg]  # mypy is not smart enough here\n>       raise exception_class(message, screen, stacktrace)\nE       selenium.common.exceptions.InvalidSelectorException: Message: invalid selector\nE       from javascript error: {\"status\":32,\"value\":\"An invalid or illegal selector was specified\"}\nE         (Session info: chrome=131.0.6778.109); For documentation on this error, please visit: https://www.selenium.dev/documentation/webdriver/troubleshooting/errors#invalid-selector-exception\nE       Stacktrace:\nE       0   chromedriver                        0x0000000100e4bb08 cxxbridge1$str$ptr + 3651580\nE       1   chromedriver                        0x0000000100e44358 cxxbridge1$str$ptr + 3620940\nE       2   chromedriver                        0x00000001008ac4b4 cxxbridge1$string$len + 89224\nE       3   chromedriver                        0x00000001008b1398 cxxbridge1$string$len + 109420\nE       4   chromedriver                        0x00000001008b33e8 cxxbridge1$string$len + 117692\nE       5   chromedriver                        0x00000001008b3490 cxxbridge1$string$len + 117860\nE       6   chromedriver                        0x00000001008f05dc cxxbridge1$string$len + 368048\nE       7   chromedriver                        0x000000010092a0fc cxxbridge1$string$len + 604368\nE       8   chromedriver                        0x00000001008e50b0 cxxbridge1$string$len + 321668\nE       9   chromedriver                        0x00000001008e5d00 cxxbridge1$string$len + 324820\nE       10  chromedriver                        0x0000000100e16e4c cxxbridge1$str$ptr + 3435328\nE       11  chromedriver                        0x0000000100e1a164 cxxbridge1$str$ptr + 3448408\nE       12  chromedriver                        0x0000000100dfe1c0 cxxbridge1$str$ptr + 3333812\nE       13  chromedriver                        0x0000000100e1aa24 cxxbridge1$str$ptr + 3450648\nE       14  chromedriver                        0x0000000100def9cc cxxbridge1$str$ptr + 3274432\nE       15  chromedriver                        0x0000000100e35138 cxxbridge1$str$ptr + 3558956\nE       16  chromedriver                        0x0000000100e352b4 cxxbridge1$str$ptr + 3559336\nE       17  chromedriver                        0x0000000100e43fcc cxxbridge1$str$ptr + 3620032\nE       18  libsystem_pthread.dylib             0x0000000194feb2e4 _pthread_start + 136\nE       19  libsystem_pthread.dylib             0x0000000194fe60fc thread_start + 8\n\n.venv/lib/python3.12/site-packages/selenium/webdriver/remote/errorhandler.py:232: InvalidSelectorException"}, "start": 1733748435965, "stop": 1733748439388, "uuid": "b188bb34-f4eb-4f61-b6bb-0d435143f216", "historyId": "18cd45404979fb1ec05d0692bea49845", "testCaseId": "18cd45404979fb1ec05d0692bea49845", "fullName": "tests.test_functionality.TestMainFunctionality#test_login", "labels": [{"name": "tag", "value": "@pytest.mark.usefixtures('driver')"}, {"name": "parentSuite", "value": "tests"}, {"name": "suite", "value": "test_functionality"}, {"name": "subSuite", "value": "TestMainFunctionality"}, {"name": "host", "value": "falcon.local"}, {"name": "thread", "value": "46262-MainThread"}, {"name": "framework", "value": "pytest"}, {"name": "language", "value": "cpython3"}, {"name": "package", "value": "tests.test_functionality"}]}