{"name": "Проверка, совпадения параметров с предыдущей страницей ", "status": "broken", "statusDetails": {"message": "selenium.common.exceptions.TimeoutException: Message: \nStacktrace:\n0   chromedriver                        0x0000000104b97b08 cxxbridge1$str$ptr + 3651580\n1   chromedriver                        0x0000000104b90358 cxxbridge1$str$ptr + 3620940\n2   chromedriver                        0x00000001045f84b4 cxxbridge1$string$len + 89224\n3   chromedriver                        0x000000010463c898 cxxbridge1$string$len + 368748\n4   chromedriver                        0x00000001046760fc cxxbridge1$string$len + 604368\n5   chromedriver                        0x00000001046310b0 cxxbridge1$string$len + 321668\n6   chromedriver                        0x0000000104631d00 cxxbridge1$string$len + 324820\n7   chromedriver                        0x0000000104b62e4c cxxbridge1$str$ptr + 3435328\n8   chromedriver                        0x0000000104b66164 cxxbridge1$str$ptr + 3448408\n9   chromedriver                        0x0000000104b4a1c0 cxxbridge1$str$ptr + 3333812\n10  chromedriver                        0x0000000104b66a24 cxxbridge1$str$ptr + 3450648\n11  chromedriver                        0x0000000104b3b9cc cxxbridge1$str$ptr + 3274432\n12  chromedriver                        0x0000000104b81138 cxxbridge1$str$ptr + 3558956\n13  chromedriver                        0x0000000104b812b4 cxxbridge1$str$ptr + 3559336\n14  chromedriver                        0x0000000104b8ffcc cxxbridge1$str$ptr + 3620032\n15  libsystem_pthread.dylib             0x0000000194feb2e4 _pthread_start + 136\n16  libsystem_pthread.dylib             0x0000000194fe60fc thread_start + 8", "trace": "self = <tests.test_functionality.TestMainFunctionality object at 0x104c5e8d0>\ndriver = <selenium.webdriver.chrome.webdriver.WebDriver (session=\"6adedff140458efc93047c4a0a3bd950\")>\n\n    @allure.title(\"Проверка, совпадения параметров с предыдущей страницей \")\n    def test_size_price_ram_os(self, driver):\n        driver.get(SEARCH_URL)\n        page = BasePage(driver)\n>       page.click_phone_button()\n\ntests/test_functionality.py:103: \n_ _ _ _ _ _ _ _ _ _ _ _ _ _ _ _ _ _ _ _ _ _ _ _ _ _ _ _ _ _ _ _ _ _ _ _ _ _ _ _ _ _ _ _ _ _ _ _ _ _ _ _ _ _ _ _ _ _ _ _ _ _ _ _ _ _ _ _ _ _ _ _ _ _ _ _ _ _ _ _ _ _ _ _ _ _ _ _ \npages/base_page.py:49: in click_phone_button\n    self.wait_and_click(Locators.PHONE_BUTTON)\npages/base_page.py:13: in wait_and_click\n    element = WebDriverWait(self.driver, timeout).until(EC.element_to_be_clickable(locator))\n_ _ _ _ _ _ _ _ _ _ _ _ _ _ _ _ _ _ _ _ _ _ _ _ _ _ _ _ _ _ _ _ _ _ _ _ _ _ _ _ _ _ _ _ _ _ _ _ _ _ _ _ _ _ _ _ _ _ _ _ _ _ _ _ _ _ _ _ _ _ _ _ _ _ _ _ _ _ _ _ _ _ _ _ _ _ _ _ \n\nself = <selenium.webdriver.support.wait.WebDriverWait (session=\"6adedff140458efc93047c4a0a3bd950\")>\nmethod = <function element_to_be_clickable.<locals>._predicate at 0x104d31760>, message = ''\n\n    def until(self, method: Callable[[D], Union[Literal[False], T]], message: str = \"\") -> T:\n        \"\"\"Calls the method provided with the driver as an argument until the \\\n        return value does not evaluate to ``False``.\n    \n        :param method: callable(WebDriver)\n        :param message: optional message for :exc:`TimeoutException`\n        :returns: the result of the last call to `method`\n        :raises: :exc:`selenium.common.exceptions.TimeoutException` if timeout occurs\n        \"\"\"\n        screen = None\n        stacktrace = None\n    \n        end_time = time.monotonic() + self._timeout\n        while True:\n            try:\n                value = method(self._driver)\n                if value:\n                    return value\n            except self._ignored_exceptions as exc:\n                screen = getattr(exc, \"screen\", None)\n                stacktrace = getattr(exc, \"stacktrace\", None)\n            if time.monotonic() > end_time:\n                break\n            time.sleep(self._poll)\n>       raise TimeoutException(message, screen, stacktrace)\nE       selenium.common.exceptions.TimeoutException: Message: \nE       Stacktrace:\nE       0   chromedriver                        0x0000000104b97b08 cxxbridge1$str$ptr + 3651580\nE       1   chromedriver                        0x0000000104b90358 cxxbridge1$str$ptr + 3620940\nE       2   chromedriver                        0x00000001045f84b4 cxxbridge1$string$len + 89224\nE       3   chromedriver                        0x000000010463c898 cxxbridge1$string$len + 368748\nE       4   chromedriver                        0x00000001046760fc cxxbridge1$string$len + 604368\nE       5   chromedriver                        0x00000001046310b0 cxxbridge1$string$len + 321668\nE       6   chromedriver                        0x0000000104631d00 cxxbridge1$string$len + 324820\nE       7   chromedriver                        0x0000000104b62e4c cxxbridge1$str$ptr + 3435328\nE       8   chromedriver                        0x0000000104b66164 cxxbridge1$str$ptr + 3448408\nE       9   chromedriver                        0x0000000104b4a1c0 cxxbridge1$str$ptr + 3333812\nE       10  chromedriver                        0x0000000104b66a24 cxxbridge1$str$ptr + 3450648\nE       11  chromedriver                        0x0000000104b3b9cc cxxbridge1$str$ptr + 3274432\nE       12  chromedriver                        0x0000000104b81138 cxxbridge1$str$ptr + 3558956\nE       13  chromedriver                        0x0000000104b812b4 cxxbridge1$str$ptr + 3559336\nE       14  chromedriver                        0x0000000104b8ffcc cxxbridge1$str$ptr + 3620032\nE       15  libsystem_pthread.dylib             0x0000000194feb2e4 _pthread_start + 136\nE       16  libsystem_pthread.dylib             0x0000000194fe60fc thread_start + 8\n\n.venv/lib/python3.12/site-packages/selenium/webdriver/support/wait.py:105: TimeoutException"}, "start": 1733748493586, "stop": 1733748510676, "uuid": "5bce77c5-f739-47de-b944-9a15b0c28c66", "historyId": "d62d4d41893e2c0c2343c70573384199", "testCaseId": "d62d4d41893e2c0c2343c70573384199", "fullName": "tests.test_functionality.TestMainFunctionality#test_size_price_ram_os", "labels": [{"name": "tag", "value": "@pytest.mark.usefixtures('driver')"}, {"name": "parentSuite", "value": "tests"}, {"name": "suite", "value": "test_functionality"}, {"name": "subSuite", "value": "TestMainFunctionality"}, {"name": "host", "value": "falcon.local"}, {"name": "thread", "value": "46262-MainThread"}, {"name": "framework", "value": "pytest"}, {"name": "language", "value": "cpython3"}, {"name": "package", "value": "tests.test_functionality"}]}